C51 COMPILER V9.60.7.0   BLINKING_LED                                                      05/30/2024 11:43:59 PAGE 1   


C51 COMPILER V9.60.7.0, COMPILATION OF MODULE BLINKING_LED
OBJECT MODULE PLACED IN .\Objects\blinking_led.obj
COMPILER INVOKED BY: C:\Keil_v5\C51\BIN\C51.EXE blinking_led.c OPTIMIZE(8,SPEED) BROWSE DEBUG OBJECTEXTEND PRINT(.\Listi
                    -ngs\blinking_led.lst) TABS(2) OBJECT(.\Objects\blinking_led.obj)

line level    source

   1          #include<reg51.h>
   2          //sbit sw1 = P2^1;
   3          //sbit sw2 = P2^2;
   4          //void dealy(void);
   5          void delay(unsigned int);
   6          void main(void)
   7          {
   8   1        unsigned char k = 0x01;
   9   1        unsigned int n;
  10   1        
  11   1        while(1)
  12   1        {
  13   2          for( n=0;n<=7;n++){
  14   3          P1 = k;
  15   3          delay(500);
  16   3            k=k<<1;
  17   3          }
  18   2          if(k==0){
  19   3            k=0x01;
  20   3          }
  21   2            
  22   2        }
  23   1        
  24   1        
  25   1        
  26   1        
  27   1        
  28   1        
  29   1        
  30   1       // sw1 =0;
  31   1       // sw2 = 0;
  32   1        /*/while(1)
  33   1           {
  34   1            /* if(sw1==0 && sw2 ==0 )
  35   1             {
  36   1              P1 = 0x00;
  37   1             }
  38   1              else if(sw1 ==0 && sw2==1)
  39   1              {
  40   1              P1 = 0xF0;
  41   1              delay(50);
  42   1              P1 = 0x00;
  43   1              delay(50);
  44   1              
  45   1              }
  46   1              else if(sw1 ==1 && sw2 == 0)
  47   1              {
  48   1              P1=0x0F;
  49   1              delay(50);
  50   1              P1 = 0x00;
  51   1              delay(50);
  52   1              }
  53   1              else if(sw1==1&& sw2==1)
  54   1              {
C51 COMPILER V9.60.7.0   BLINKING_LED                                                      05/30/2024 11:43:59 PAGE 2   

  55   1              P1 = 0xFF;
  56   1              delay(50); 
  57   1              P1 = 0x00;
  58   1              delay(50);*/
  59   1      }
  60              
  61            
  62          
  63          void delay(unsigned int t)
  64          {
  65   1        unsigned int i,j;
  66   1        for(i=0;i<t;i++)
  67   1        for(j=0;j<1275;j++);//1275 8051 will compute 1275 tiems in  1millisecond
  68   1      }


MODULE INFORMATION:   STATIC OVERLAYABLE
   CODE SIZE        =     82    ----
   CONSTANT SIZE    =   ----    ----
   XDATA SIZE       =   ----    ----
   PDATA SIZE       =   ----    ----
   DATA SIZE        =   ----       3
   IDATA SIZE       =   ----    ----
   BIT SIZE         =   ----    ----
END OF MODULE INFORMATION.


C51 COMPILATION COMPLETE.  0 WARNING(S),  0 ERROR(S)
